Information: Updating design information... (UID-85)
 
****************************************
Report : timing
        -path full
        -delay min
        -max_paths 1
Design : MyDesign
Version: T-2022.03-SP4
Date   : Sat Nov 16 09:59:46 2024
****************************************

Operating Conditions: fast   Library: NangateOpenCellLibrary_PDKv1_2_v2008_10_fast_nldm
Wire Load Model Mode: top

  Startpoint: which_weight_count_reg[0]
              (rising edge-triggered flip-flop clocked by clk)
  Endpoint: which_weight_count_reg[0]
            (rising edge-triggered flip-flop clocked by clk)
  Path Group: clk
  Path Type: min

  Point                                                   Incr       Path
  --------------------------------------------------------------------------
  clock clk (rise edge)                                 0.0000     0.0000
  clock network delay (ideal)                           0.0000     0.0000
  which_weight_count_reg[0]/CK (DFF_X1)                 0.0000     0.0000 r
  which_weight_count_reg[0]/Q (DFF_X1)                  0.0607     0.0607 r
  U5601/ZN (AOI211_X1)                                  0.0254     0.0861 f
  which_weight_count_reg[0]/D (DFF_X1)                  0.0000     0.0861 f
  data arrival time                                                0.0861

  clock clk (rise edge)                                 0.0000     0.0000
  clock network delay (ideal)                           0.0000     0.0000
  clock uncertainty                                     0.0500     0.0500
  which_weight_count_reg[0]/CK (DFF_X1)                 0.0000     0.0500 r
  library hold time                                    -0.0002     0.0498
  data required time                                               0.0498
  --------------------------------------------------------------------------
  data required time                                               0.0498
  data arrival time                                               -0.0861
  --------------------------------------------------------------------------
  slack (MET)                                                      0.0363


1
